[2025-05-20T19:27:18.734 UTC] ERROR: Falha no SendOn automático: Request failed with status code 400 | OTCS: {"error":"This task has already been completed or moved along.","request_id":"027cf21f-8a4f-4469-b097-b907435b0c79"}
[2025-05-20T19:31:34.850 UTC] ERROR: Falha no SendOn automático: Request failed with status code 400 | OTCS: {"error":"This task has already been completed or moved along.","request_id":"2656b7e4-bcae-4bc2-96d0-001484efc7ad"}
[2025-05-20T19:34:37.023 UTC] ERROR: Falha no SendOn automático: Request failed with status code 400 | OTCS: {"error":"This task has already been completed or moved along.","request_id":"ce6a4a68-0543-41d1-9dbb-23e8cc715c4a"}
[2025-05-20T19:36:30.091 UTC] ERROR: Falha no SendOn automático: Request failed with status code 400 | OTCS: {"error":"This task has already been completed or moved along.","request_id":"47752dae-f91c-4b31-b627-dd649b572cd5"}
[2025-05-20T19:42:22.227 UTC] ERROR: Falha no SendOn automático: Request failed with status code 400 | OTCS: {"error":"This task has already been completed or moved along.","request_id":"4206cd00-dad7-422b-b511-65a06a8e596e"}
[2025-05-20T19:42:53.268 UTC] ERROR: Falha no SendOn automático: Request failed with status code 400 | OTCS: {"error":"This task has already been completed or moved along.","request_id":"458af3f6-0f41-4b12-abdf-6e2d6529737b"}
[2025-05-20T19:44:28.161 UTC] ERROR: Falha no SendOn automático: Request failed with status code 400 | OTCS: {"error":"This task has already been completed or moved along.","request_id":"d04ad0d1-e971-4984-b261-d9be8a51f24d"}
[2025-05-20T19:47:27.165 UTC] ERROR: Falha no SendOn automático: Request failed with status code 400 | OTCS: {"error":"This task has already been completed or moved along.","request_id":"d7827e7c-48a8-43f0-b41a-7c49c26fc5f1"}
[2025-05-20T19:47:56.655 UTC] ERROR: Falha no SendOn automático: Request failed with status code 400 | OTCS: {"error":"This task has already been completed or moved along.","request_id":"6a484256-6c6c-4752-ae0b-655121a2c033"}
[2025-05-20T19:50:28.814 UTC] ERROR: Falha no SendOn automático: Request failed with status code 400 | OTCS: {"error":"This task has already been completed or moved along.","request_id":"96df432a-4ebb-4e76-b8eb-3b999a11b2a8"}
[2025-05-20T19:52:55.062 UTC] ERROR: Falha no SendOn automático: Request failed with status code 400 | OTCS: {"error":"This task has already been completed or moved along.","request_id":"af7d4c12-8f96-4c19-99cb-081fe462f491"}
[2025-05-20T19:55:28.391 UTC] ERROR: Falha no SendOn automático: Request failed with status code 400 | OTCS: {"error":"This task has already been completed or moved along.","request_id":"507ab054-4ab8-4224-a9ab-67f05036b429"}
[2025-05-20T19:57:16.831 UTC] ERROR: Falha no SendOn automático: Request failed with status code 400 | OTCS: {"error":"This task has already been completed or moved along.","request_id":"8970ad9b-d630-4bdf-8571-8ee1960a8752"}
[2025-05-20T19:58:28.201 UTC] ERROR: Falha no SendOn automático: Request failed with status code 400 | OTCS: {"error":"This task has already been completed or moved along.","request_id":"4fb4b243-c13d-4ddc-aa4e-27704c809a91"}
[2025-05-20T20:00:45.813 UTC] ERROR: Falha no SendOn automático: Request failed with status code 400 | OTCS: {"error":"This task has already been completed or moved along.","request_id":"17de36fe-ef66-45cf-8298-a3b75ddf81f5"}
[2025-05-20T20:00:56.100 UTC] ERROR: Falha no SendOn automático: Request failed with status code 400 | OTCS: {"error":"This task has already been completed or moved along.","request_id":"fbf79850-4890-40c9-bf95-82d2fc0c3c2a"}
[2025-05-20T20:04:00.069 UTC] ERROR: Falha no SendOn automático: Request failed with status code 400 | OTCS: {"error":"This task has already been completed or moved along.","request_id":"e71d0263-1c9e-4643-9b3e-0e673d3672f5"}
[2025-05-20T20:05:27.754 UTC] ERROR: Falha no SendOn automático: Request failed with status code 400 | OTCS: {"error":"This task has already been completed or moved along.","request_id":"dcd968e4-7805-407e-a807-2acacd5850ed"}
[2025-05-20T20:05:57.893 UTC] ERROR: Falha no SendOn automático: Request failed with status code 400 | OTCS: {"error":"This task has already been completed or moved along.","request_id":"b7f80fe0-19c1-49d9-9716-58680a46f1f7"}
[2025-05-20T20:11:18.968 UTC] ERROR: Falha no SendOn automático: Request failed with status code 400 | OTCS: {"error":"This task has already been completed or moved along.","request_id":"244e6d84-eec6-4520-83e0-b12e4a53349d"}
[2025-05-20T20:13:18.768 UTC] ERROR: Falha no SendOn automático: Request failed with status code 400 | OTCS: {"error":"This task has already been completed or moved along.","request_id":"7763cbed-2855-4fa3-8031-6b1e41325d2e"}
[2025-05-20T20:32:25.709 UTC] ERROR: Falha no SendOn automático: Request failed with status code 400 | OTCS: {"error":"This task has already been completed or moved along.","request_id":"abf4ff37-ff53-4ff0-9d23-6b00bde61f91"}
[2025-05-20T20:41:10.495 UTC] ERROR: Falha no SendOn automático: Request failed with status code 400 | OTCS: {"error":"This task has already been completed or moved along.","request_id":"eb5ee191-5629-40ee-a9b5-1a325b834ec3"}
[2025-05-20T20:41:59.891 UTC] ERROR: Falha no SendOn automático: Request failed with status code 400 | OTCS: {"error":"This task has already been completed or moved along.","request_id":"4d05a3f9-93a0-47c6-b7c6-55c176937213"}
[2025-05-20T20:46:37.584 UTC] ERROR: Falha no SendOn automático: Request failed with status code 400 | OTCS: {"error":"This task has already been completed or moved along.","request_id":"a9252c84-0f49-4f17-8c7d-d14b37f5feaf"}
[2025-05-20T20:52:05.808 UTC] ERROR: Falha no SendOn automático: Request failed with status code 400 | OTCS: {"error":"This task has already been completed or moved along.","request_id":"ce4f0913-aeb0-4073-a484-67d529dc337d"}
[2025-05-20T20:54:44.903 UTC] ERROR: Falha no SendOn automático: Request failed with status code 400 | OTCS: {"error":"This task has already been completed or moved along.","request_id":"f5be3c8a-c9ca-4c3c-8abf-7b86b5c05c3a"}
[2025-05-20T20:55:03.556 UTC] ERROR: Falha no SendOn automático: Request failed with status code 400 | OTCS: {"error":"This task has already been completed or moved along.","request_id":"6ad92bc6-bc0b-4d27-b081-2024de340e38"}
[2025-05-20T20:57:32.756 UTC] ERROR: Falha no SendOn automático: Request failed with status code 400 | OTCS: {"error":"Insufficient permissions to edit this step.","request_id":"2d1e1677-20f1-48e1-9eb8-a6f113bd71a0"}
[2025-05-20T21:00:29.664 UTC] ERROR: SendOn task 3 failed: Request failed with status code 400
[2025-05-20T21:11:29.215 UTC] ERROR: Falha no SendOn automático: Request failed with status code 400 | OTCS: {"error":"This task has already been completed or moved along.","request_id":"9c631a47-c217-4791-a2cc-fe3ae5ef2a23"}
[2025-05-20T21:16:49.679 UTC] ERROR: Falha no SendOn automático: Request failed with status code 400 | OTCS: {"error":"This task has already been completed or moved along.","request_id":"0e87a1f7-1aaa-45af-8350-26530f0eb61e"}
[2025-05-20T21:18:54.188 UTC] ERROR: Falha no SendOn automático: Request failed with status code 400 | OTCS: {"error":"This task has already been completed or moved along.","request_id":"2bba1db9-f30d-40d0-8db9-35c37b29b731"}
